#
# There is insufficient memory for the Java Runtime Environment to continue.
# Native memory allocation (mmap) failed to map 134217728 bytes for G1 virtual space
# Possible reasons:
#   The system is out of physical RAM or swap space
#   The process is running with CompressedOops enabled, and the Java Heap may be blocking the growth of the native heap
# Possible solutions:
#   Reduce memory load on the system
#   Increase physical memory or swap space
#   Check if swap backing store is full
#   Decrease Java heap size (-Xmx/-Xms)
#   Decrease number of Java threads
#   Decrease Java thread stack sizes (-Xss)
#   Set larger code cache with -XX:ReservedCodeCacheSize=
#   JVM is running with Unscaled Compressed Oops mode in which the Java heap is
#     placed in the first 4GB address space. The Java Heap base address is the
#     maximum limit for the native heap growth. Please use -XX:HeapBaseMinAddress
#     to set the Java Heap base and to place the Java Heap above 4GB virtual address.
# This output file may be truncated or incomplete.
#
#  Out of Memory Error (os_windows.cpp:3550), pid=5608, tid=11788
#
# JRE version:  (17.0.6+9) (build )
# Java VM: Java HotSpot(TM) 64-Bit Server VM (17.0.6+9-LTS-190, mixed mode, sharing, tiered, compressed oops, compressed class ptrs, g1 gc, windows-amd64)
# No core dump will be written. Minidumps are not enabled by default on client versions of Windows
#

---------------  S U M M A R Y ------------

Command Line: -Dfile.encoding=UTF-8 -XX:+ShowCodeDetailsInExceptionMessages usuario.Menu

Host: Intel(R) Core(TM) i5-3320M CPU @ 2.60GHz, 4 cores, 7G,  Windows 10 , 64 bit Build 19041 (10.0.19041.2546)
Time: Thu Mar 30 01:22:38 2023 Hora oficial do Brasil elapsed time: 0.025225 seconds (0d 0h 0m 0s)

---------------  T H R E A D  ---------------

Current thread (0x00000184973fb090):  JavaThread "Unknown thread" [_thread_in_vm, id=11788, stack(0x0000004b95c00000,0x0000004b95d00000)]

Stack: [0x0000004b95c00000,0x0000004b95d00000]
Native frames: (J=compiled Java code, j=interpreted, Vv=VM code, C=native code)
V  [jvm.dll+0x6734ea]
V  [jvm.dll+0x7d18f4]
V  [jvm.dll+0x7d309e]
V  [jvm.dll+0x7d3703]
V  [jvm.dll+0x2433c5]
V  [jvm.dll+0x6703f9]
V  [jvm.dll+0x664d32]
V  [jvm.dll+0x300086]
V  [jvm.dll+0x307606]
V  [jvm.dll+0x356c1e]
V  [jvm.dll+0x356e4f]
V  [jvm.dll+0x2d72e8]
V  [jvm.dll+0x2d8254]
V  [jvm.dll+0x7a33b1]
V  [jvm.dll+0x3647f1]
V  [jvm.dll+0x782839]
V  [jvm.dll+0x3e757f]
V  [jvm.dll+0x3e9001]
C  [jli.dll+0x5297]
C  [ucrtbase.dll+0x21bb2]
C  [KERNEL32.DLL+0x17614]
C  [ntdll.dll+0x526a1]


---------------  P R O C E S S  ---------------

Threads class SMR info:
_java_thread_list=0x00007ffca9ace958, length=0, elements={
}

Java Threads: ( => current thread )

Other Threads:
  0x0000018497456d00 GCTaskThread "GC Thread#0" [stack: 0x0000004b95d00000,0x0000004b95e00000] [id=12000]
  0x00000184974678c0 ConcurrentGCThread "G1 Main Marker" [stack: 0x0000004b95e00000,0x0000004b95f00000] [id=12004]
  0x0000018497468bb0 ConcurrentGCThread "G1 Conc#0" [stack: 0x0000004b95f00000,0x0000004b96000000] [id=11512]

[error occurred during error reporting (printing all threads), id 0xc0000005, EXCEPTION_ACCESS_VIOLATION (0xc0000005) at pc=0x00007ffca9307f07]

VM state: not at safepoint (not fully initialized)

VM Mutex/Monitor currently owned by a thread:  ([mutex/lock_event])
[0x00000184973f8520] Heap_lock - owner thread: 0x00000184973fb090

Heap address: 0x0000000081c00000, size: 2020 MB, Compressed Oops mode: 32-bit

CDS archive(s) mapped at: [0x0000000000000000-0x0000000000000000-0x0000000000000000), size 0, SharedBaseAddress: 0x0000000800000000, ArchiveRelocationMode: 0.
Narrow klass base: 0x0000000000000000, Narrow klass shift: 0, Narrow klass range: 0x0

GC Precious Log:
<Empty>

Heap:
 garbage-first heap   total 0K, used 0K [0x0000000081c00000, 0x0000000100000000)
  region size 1024K, 0 young (0K), 0 survivors (0K)

[error occurred during error reporting (printing heap information), id 0xc0000005, EXCEPTION_ACCESS_VIOLATION (0xc0000005) at pc=0x00007ffca96ec759]

GC Heap History (0 events):
No events

Deoptimization events (0 events):
No events

Classes unloaded (0 events):
No events

Classes redefined (0 events):
No events

Internal exceptions (0 events):
No events

VM Operations (0 events):
No events

Events (1 events):
Event: 0.011 Loaded shared library C:\Program Files\Java\jdk-17\bin\java.dll


Dynamic libraries:
0x00007ff608a70000 - 0x00007ff608a80000 	C:\Program Files\Java\jdk-17\bin\javaw.exe
0x00007ffcf6c50000 - 0x00007ffcf6e48000 	C:\Windows\SYSTEM32\ntdll.dll
0x00007ffcf58d0000 - 0x00007ffcf598f000 	C:\Windows\System32\KERNEL32.DLL
0x00007ffcf45d0000 - 0x00007ffcf48a2000 	C:\Windows\System32\KERNELBASE.dll
0x00007ffcf4a40000 - 0x00007ffcf4b40000 	C:\Windows\System32\ucrtbase.dll
0x00007ffcea2f0000 - 0x00007ffcea308000 	C:\Program Files\Java\jdk-17\bin\jli.dll
0x00007ffcf4f60000 - 0x00007ffcf500e000 	C:\Windows\System32\ADVAPI32.dll
0x00007ffcf4ca0000 - 0x00007ffcf4d3e000 	C:\Windows\System32\msvcrt.dll
0x00007ffcf5550000 - 0x00007ffcf55ec000 	C:\Windows\System32\sechost.dll
0x00007ffcf5050000 - 0x00007ffcf5174000 	C:\Windows\System32\RPCRT4.dll
0x00007ffcf51a0000 - 0x00007ffcf5341000 	C:\Windows\System32\USER32.dll
0x00007ffcf4490000 - 0x00007ffcf44b2000 	C:\Windows\System32\win32u.dll
0x00007ffcf5020000 - 0x00007ffcf504b000 	C:\Windows\System32\GDI32.dll
0x00007ffcf44c0000 - 0x00007ffcf45cf000 	C:\Windows\System32\gdi32full.dll
0x00007ffcf49a0000 - 0x00007ffcf4a3d000 	C:\Windows\System32\msvcp_win.dll
0x00007ffce41d0000 - 0x00007ffce446a000 	C:\Windows\WinSxS\amd64_microsoft.windows.common-controls_6595b64144ccf1df_6.0.19041.1110_none_60b5254171f9507e\COMCTL32.dll
0x00007ffcdaed0000 - 0x00007ffcdaeeb000 	C:\Program Files\Java\jdk-17\bin\VCRUNTIME140.dll
0x00007ffce6380000 - 0x00007ffce638a000 	C:\Windows\SYSTEM32\VERSION.dll
0x00007ffcf4e60000 - 0x00007ffcf4e90000 	C:\Windows\System32\IMM32.DLL
0x00007ffcdcc60000 - 0x00007ffcdcc6c000 	C:\Program Files\Java\jdk-17\bin\vcruntime140_1.dll
0x00007ffcc9100000 - 0x00007ffcc918e000 	C:\Program Files\Java\jdk-17\bin\msvcp140.dll
0x00007ffca9020000 - 0x00007ffca9bf7000 	C:\Program Files\Java\jdk-17\bin\server\jvm.dll
0x00007ffcf5010000 - 0x00007ffcf5018000 	C:\Windows\System32\PSAPI.DLL
0x00007ffcecd80000 - 0x00007ffcecd89000 	C:\Windows\SYSTEM32\WSOCK32.dll
0x00007ffcf5350000 - 0x00007ffcf53bb000 	C:\Windows\System32\WS2_32.dll
0x00007ffce58b0000 - 0x00007ffce58d7000 	C:\Windows\SYSTEM32\WINMM.dll
0x00007ffcf2210000 - 0x00007ffcf2222000 	C:\Windows\SYSTEM32\kernel.appcore.dll
0x00007ffcdc510000 - 0x00007ffcdc51a000 	C:\Program Files\Java\jdk-17\bin\jimage.dll
0x00007ffce3cb0000 - 0x00007ffce3e94000 	C:\Windows\SYSTEM32\DBGHELP.DLL
0x00007ffce2ca0000 - 0x00007ffce2cd5000 	C:\Windows\SYSTEM32\dbgcore.DLL
0x00007ffcf4400000 - 0x00007ffcf4482000 	C:\Windows\System32\bcryptPrimitives.dll
0x00007ffccf770000 - 0x00007ffccf795000 	C:\Program Files\Java\jdk-17\bin\java.dll

dbghelp: loaded successfully - version: 4.0.5 - missing functions: none
symbol engine: initialized successfully - sym options: 0x614 - pdb path: .;C:\Program Files\Java\jdk-17\bin;C:\Windows\SYSTEM32;C:\Windows\WinSxS\amd64_microsoft.windows.common-controls_6595b64144ccf1df_6.0.19041.1110_none_60b5254171f9507e;C:\Program Files\Java\jdk-17\bin\server

VM Arguments:
jvm_args: -Dfile.encoding=UTF-8 -XX:+ShowCodeDetailsInExceptionMessages 
java_command: usuario.Menu
java_class_path (initial): C:\Users\user\Desktop\Generation Atividades\Github\JavaiDoarSangue\JavaiDoarSangue\bin
Launcher Type: SUN_STANDARD

[Global flags]
     intx CICompilerCount                          = 3                                         {product} {ergonomic}
     uint ConcGCThreads                            = 1                                         {product} {ergonomic}
     uint G1ConcRefinementThreads                  = 4                                         {product} {ergonomic}
   size_t G1HeapRegionSize                         = 1048576                                   {product} {ergonomic}
    uintx GCDrainStackTargetSize                   = 64                                        {product} {ergonomic}
   size_t InitialHeapSize                          = 134217728                                 {product} {ergonomic}
   size_t MarkStackSize                            = 4194304                                   {product} {ergonomic}
   size_t MaxHeapSize                              = 2118123520                                {product} {ergonomic}
   size_t MinHeapDeltaBytes                        = 1048576                                   {product} {ergonomic}
   size_t MinHeapSize                              = 8388608                                   {product} {ergonomic}
    uintx NonNMethodCodeHeapSize                   = 5832780                                {pd product} {ergonomic}
    uintx NonProfiledCodeHeapSize                  = 122912730                              {pd product} {ergonomic}
    uintx ProfiledCodeHeapSize                     = 122912730                              {pd product} {ergonomic}
    uintx ReservedCodeCacheSize                    = 251658240                              {pd product} {ergonomic}
     bool SegmentedCodeCache                       = true                                      {product} {ergonomic}
     bool ShowCodeDetailsInExceptionMessages       = true                                   {manageable} {command line}
   size_t SoftMaxHeapSize                          = 2118123520                             {manageable} {ergonomic}
     bool UseCompressedClassPointers               = true                           {product lp64_product} {ergonomic}
     bool UseCompressedOops                        = true                           {product lp64_product} {ergonomic}
     bool UseG1GC                                  = true                                      {product} {ergonomic}
     bool UseLargePagesIndividualAllocation        = false                                  {pd product} {ergonomic}

Logging:
Log output configuration:
 #0: stdout all=warning uptime,level,tags
 #1: stderr all=off uptime,level,tags

Environment Variables:
JAVA_HOME=C:\Program Files\Java\jdk-17.0.6
PATH=C:/Program Files/sts-4.17.2.RELEASE//plugins/org.eclipse.justj.openjdk.hotspot.jre.full.win32.x86_64_17.0.6.v20230125-1136/jre/bin/server;C:/Program Files/sts-4.17.2.RELEASE//plugins/org.eclipse.justj.openjdk.hotspot.jre.full.win32.x86_64_17.0.6.v20230125-1136/jre/bin;C:\Program Files\Common Files\Oracle\Java\javapath;C:\Windows\system32;C:\Windows;C:\Windows\System32\Wbem;C:\Windows\System32\WindowsPowerShell\v1.0\;C:\Windows\System32\OpenSSH\;C:\Program Files\Git\cmd;C:\Program Files\nodejs\;C:\ProgramData\UNIVALI\Portugol Studio;C:\Program Files\Java\jdk-17.0.6;C:\Users\user\AppData\Local\Microsoft\WindowsApps;;C:\Users\user\AppData\Local\Programs\Microsoft VS Code\bin;C:\Users\user\AppData\Roaming\npm;C:\Program Files\sts-4.17.2.RELEASE;
USERNAME=user
OS=Windows_NT
PROCESSOR_IDENTIFIER=Intel64 Family 6 Model 58 Stepping 9, GenuineIntel



---------------  S Y S T E M  ---------------

OS:
 Windows 10 , 64 bit Build 19041 (10.0.19041.2546)
OS uptime: 0 days 17:30 hours

CPU: total 4 (initial active 4) (2 cores per cpu, 2 threads per core) family 6 model 58 stepping 9 microcode 0x21, cx8, cmov, fxsr, ht, mmx, sse, sse2, sse3, ssse3, sse4.1, sse4.2, popcnt, tsc, tscinvbit, avx, aes, erms, clmul, vzeroupper, clflush

Memory: 4k page, system-wide physical 8074M (2241M free)
TotalPageFile size 15326M (AvailPageFile size 56M)
current process WorkingSet (physical memory assigned to process): 10M, peak: 10M
current process commit charge ("private bytes"): 51M, peak: 179M

vm_info: Java HotSpot(TM) 64-Bit Server VM (17.0.6+9-LTS-190) for windows-amd64 JRE (17.0.6+9-LTS-190), built on Dec  6 2022 15:53:54 by "mach5one" with MS VC++ 17.1 (VS2022)

END.
